<?xml version="1.0" encoding="UTF-8"?>
<!-- Generated by org.testng.reporters.JUnitReportReporter -->
<testsuite hostname="LAIMUMLT9002" failures="0" tests="2" name="com.qa.tests.GetAPITest" time="1.027" errors="0" timestamp="2024-02-17T20:41:44 IST" skipped="0">
  <testcase classname="com.qa.tests.GetAPITest" name="getAPTTestWithoutHeaders" time="0.891"/>
  <testcase classname="com.qa.tests.GetAPITest" name="getAPITestWithHeaders" time="0.136"/>
</testsuite> <!-- com.qa.tests.GetAPITest -->
