<?xml version="1.0" encoding="UTF-8"?>
<!-- Generated by org.testng.reporters.JUnitReportReporter -->
<testsuite hostname="LAIMUMLT9002" failures="0" tests="1" name="com.qa.tests.PostAPITest" time="3.205" errors="0" timestamp="2024-02-19T17:10:29 IST" skipped="0">
  <testcase classname="com.qa.tests.PostAPITest" name="postAPITest" time="3.205"/>
</testsuite> <!-- com.qa.tests.PostAPITest -->
