<?xml version="1.0" encoding="UTF-8"?>
<!-- Generated by org.testng.reporters.JUnitReportReporter -->
<testsuite hostname="LAIMUMLT9002" failures="0" tests="1" name="com.qa.tests.GetBookAPITest" time="1.304" errors="0" timestamp="2024-02-20T12:16:55 IST" skipped="0">
  <testcase classname="com.qa.tests.GetBookAPITest" name="getWithHeader" time="1.304"/>
</testsuite> <!-- com.qa.tests.GetBookAPITest -->
