<?xml version="1.0" encoding="UTF-8"?>
<!-- Generated by org.testng.reporters.JUnitReportReporter -->
<testsuite hostname="LAIMUMLT9002" failures="0" tests="2" name="com.qa.tests.GetAPITest" time="2.070" errors="0" timestamp="2024-02-19T17:03:40 IST" skipped="0">
  <testcase classname="com.qa.tests.GetAPITest" name="getAPTTestWithoutHeaders" time="1.901"/>
  <testcase classname="com.qa.tests.GetAPITest" name="getAPITestWithHeaders" time="0.169"/>
</testsuite> <!-- com.qa.tests.GetAPITest -->
