<?xml version="1.0" encoding="UTF-8"?>
<!-- Generated by org.testng.reporters.JUnitReportReporter -->
<testsuite hostname="LAIMUMLT9002" failures="0" tests="1" name="com.qa.tests.PostAPITest" time="1.913" errors="0" timestamp="2024-02-18T17:00:05 IST" skipped="0">
  <testcase classname="com.qa.tests.PostAPITest" name="postAITTest" time="1.913"/>
</testsuite> <!-- com.qa.tests.PostAPITest -->
